D=256 (2 HAR channels), train pool (7352, 256), test (1000, 256), seeds [0, 1, 2, 3, 4, 5, 6, 7]

[seed 1/8  N= 2 (128x)]  hybrid=0.0424, matched=0.0332, pure=0.0374
[seed 1/8  N= 4 (64x)]  hybrid=0.0291, matched=0.0290, pure=0.0291
[seed 1/8  N= 6 (42x)]  hybrid=0.0269, matched=0.0289, pure=0.0287
[seed 1/8  N= 8 (32x)]  hybrid=0.0236, matched=0.0255, pure=0.0280
[seed 1/8  N=10 (25x)]  hybrid=0.0236, matched=0.0269, pure=0.0273
[seed 2/8  N= 2 (128x)]  hybrid=0.0405, matched=0.0378, pure=0.0336
[seed 2/8  N= 4 (64x)]  hybrid=0.0281, matched=0.0283, pure=0.0292
[seed 2/8  N= 6 (42x)]  hybrid=0.0272, matched=0.0284, pure=0.0261
[seed 2/8  N= 8 (32x)]  hybrid=0.0261, matched=0.0286, pure=0.0277
[seed 2/8  N=10 (25x)]  hybrid=0.0236, matched=0.0244, pure=0.0258
[seed 3/8  N= 2 (128x)]  hybrid=0.0346, matched=0.0317, pure=0.0326
[seed 3/8  N= 4 (64x)]  hybrid=0.0286, matched=0.0291, pure=0.0290
[seed 3/8  N= 6 (42x)]  hybrid=0.0272, matched=0.0278, pure=0.0282
[seed 3/8  N= 8 (32x)]  hybrid=0.0259, matched=0.0254, pure=0.0290
[seed 3/8  N=10 (25x)]  hybrid=0.0238, matched=0.0274, pure=0.0263
[seed 4/8  N= 2 (128x)]  hybrid=0.0313, matched=0.0317, pure=0.0348
[seed 4/8  N= 4 (64x)]  hybrid=0.0286, matched=0.0291, pure=0.0291
[seed 4/8  N= 6 (42x)]  hybrid=0.0276, matched=0.0291, pure=0.0288
[seed 4/8  N= 8 (32x)]  hybrid=0.0254, matched=0.0278, pure=0.0278
[seed 4/8  N=10 (25x)]  hybrid=0.0240, matched=0.0269, pure=0.0254
[seed 5/8  N= 2 (128x)]  hybrid=0.0335, matched=0.0346, pure=0.0377
[seed 5/8  N= 4 (64x)]  hybrid=0.0279, matched=0.0285, pure=0.0291
[seed 5/8  N= 6 (42x)]  hybrid=0.0264, matched=0.0288, pure=0.0281
[seed 5/8  N= 8 (32x)]  hybrid=0.0252, matched=0.0262, pure=0.0275
[seed 5/8  N=10 (25x)]  hybrid=0.0235, matched=0.0240, pure=0.0260
[seed 6/8  N= 2 (128x)]  hybrid=0.0441, matched=0.0319, pure=0.0337
[seed 6/8  N= 4 (64x)]  hybrid=0.0284, matched=0.0279, pure=0.0287
[seed 6/8  N= 6 (42x)]  hybrid=0.0261, matched=0.0263, pure=0.0285
[seed 6/8  N= 8 (32x)]  hybrid=0.0249, matched=0.0249, pure=0.0265
[seed 6/8  N=10 (25x)]  hybrid=0.0265, matched=0.0290, pure=0.0262
[seed 7/8  N= 2 (128x)]  hybrid=0.0357, matched=0.0365, pure=0.0336
[seed 7/8  N= 4 (64x)]  hybrid=0.0290, matched=0.0291, pure=0.0290
[seed 7/8  N= 6 (42x)]  hybrid=0.0257, matched=0.0287, pure=0.0282
[seed 7/8  N= 8 (32x)]  hybrid=0.0238, matched=0.0288, pure=0.0285
[seed 7/8  N=10 (25x)]  hybrid=0.0249, matched=0.0255, pure=0.0262
[seed 8/8  N= 2 (128x)]  hybrid=0.0376, matched=0.0389, pure=0.0377
[seed 8/8  N= 4 (64x)]  hybrid=0.0289, matched=0.0297, pure=0.0291
[seed 8/8  N= 6 (42x)]  hybrid=0.0251, matched=0.0279, pure=0.0289
[seed 8/8  N= 8 (32x)]  hybrid=0.0252, matched=0.0266, pure=0.0289
[seed 8/8  N=10 (25x)]  hybrid=0.0247, matched=0.0253, pure=0.0266
W0617 16:12:33.360000 745358 torch/onnx/_internal/exporter/_registration.py:107] torchvision is not installed. Skipping torchvision::nms
W0617 16:12:33.361000 745358 torch/onnx/_internal/exporter/_registration.py:107] torchvision is not installed. Skipping torchvision::roi_align
W0617 16:12:33.361000 745358 torch/onnx/_internal/exporter/_registration.py:107] torchvision is not installed. Skipping torchvision::roi_pool
[torch.onnx] Obtain model graph for `EdgeEncoder([...]` with `torch.export.export(..., strict=False)`...
[torch.onnx] Obtain model graph for `EdgeEncoder([...]` with `torch.export.export(..., strict=False)`... ✅
[torch.onnx] Run decompositions...
[torch.onnx] Run decompositions... ✅
[torch.onnx] Translate the graph into ONNX...
[torch.onnx] Translate the graph into ONNX... ✅
[torch.onnx] Optimize the ONNX graph...
[torch.onnx] Optimize the ONNX graph... ✅
W0617 16:12:33.734000 745358 torch/onnx/_internal/exporter/_registration.py:107] torchvision is not installed. Skipping torchvision::nms
W0617 16:12:33.734000 745358 torch/onnx/_internal/exporter/_registration.py:107] torchvision is not installed. Skipping torchvision::roi_align
W0617 16:12:33.734000 745358 torch/onnx/_internal/exporter/_registration.py:107] torchvision is not installed. Skipping torchvision::roi_pool
[torch.onnx] Obtain model graph for `EdgeEncoder([...]` with `torch.export.export(..., strict=False)`...
[torch.onnx] Obtain model graph for `EdgeEncoder([...]` with `torch.export.export(..., strict=False)`... ✅
[torch.onnx] Run decompositions...
[torch.onnx] Run decompositions... ✅
[torch.onnx] Translate the graph into ONNX...
[torch.onnx] Translate the graph into ONNX... ✅
[torch.onnx] Optimize the ONNX graph...
[torch.onnx] Optimize the ONNX graph... ✅
W0617 16:12:34.104000 745358 torch/onnx/_internal/exporter/_registration.py:107] torchvision is not installed. Skipping torchvision::nms
W0617 16:12:34.104000 745358 torch/onnx/_internal/exporter/_registration.py:107] torchvision is not installed. Skipping torchvision::roi_align
W0617 16:12:34.104000 745358 torch/onnx/_internal/exporter/_registration.py:107] torchvision is not installed. Skipping torchvision::roi_pool
[torch.onnx] Obtain model graph for `EdgeEncoder([...]` with `torch.export.export(..., strict=False)`...
[torch.onnx] Obtain model graph for `EdgeEncoder([...]` with `torch.export.export(..., strict=False)`... ✅
[torch.onnx] Run decompositions...
[torch.onnx] Run decompositions... ✅
[torch.onnx] Translate the graph into ONNX...
[torch.onnx] Translate the graph into ONNX... ✅
[torch.onnx] Optimize the ONNX graph...
[torch.onnx] Optimize the ONNX graph... ✅
W0617 16:12:34.358000 745358 torch/onnx/_internal/exporter/_registration.py:107] torchvision is not installed. Skipping torchvision::nms
W0617 16:12:34.358000 745358 torch/onnx/_internal/exporter/_registration.py:107] torchvision is not installed. Skipping torchvision::roi_align
W0617 16:12:34.358000 745358 torch/onnx/_internal/exporter/_registration.py:107] torchvision is not installed. Skipping torchvision::roi_pool
[torch.onnx] Obtain model graph for `EdgeEncoder([...]` with `torch.export.export(..., strict=False)`...
[torch.onnx] Obtain model graph for `EdgeEncoder([...]` with `torch.export.export(..., strict=False)`... ✅
[torch.onnx] Run decompositions...
[torch.onnx] Run decompositions... ✅
[torch.onnx] Translate the graph into ONNX...
[torch.onnx] Translate the graph into ONNX... ✅
[torch.onnx] Optimize the ONNX graph...
[torch.onnx] Optimize the ONNX graph... ✅
W0617 16:12:34.715000 745358 torch/onnx/_internal/exporter/_registration.py:107] torchvision is not installed. Skipping torchvision::nms
W0617 16:12:34.715000 745358 torch/onnx/_internal/exporter/_registration.py:107] torchvision is not installed. Skipping torchvision::roi_align
W0617 16:12:34.715000 745358 torch/onnx/_internal/exporter/_registration.py:107] torchvision is not installed. Skipping torchvision::roi_pool
[torch.onnx] Obtain model graph for `EdgeEncoder([...]` with `torch.export.export(..., strict=False)`...
[torch.onnx] Obtain model graph for `EdgeEncoder([...]` with `torch.export.export(..., strict=False)`... ✅
[torch.onnx] Run decompositions...
[torch.onnx] Run decompositions... ✅
[torch.onnx] Translate the graph into ONNX...
[torch.onnx] Translate the graph into ONNX... ✅
[torch.onnx] Optimize the ONNX graph...
[torch.onnx] Optimize the ONNX graph... ✅
  N   comp   hybrid (mean+/-std)             matched                pure   enc KB
---------------------------------------------------------------------------------
  2   128x     0.0375+/-0.0042     0.0345+/-0.0027     0.0351+/-0.0020      7.1
  4    64x     0.0286+/-0.0004     0.0288+/-0.0005     0.0290+/-0.0001      6.9
  6    42x     0.0265+/-0.0008     0.0282+/-0.0009     0.0282+/-0.0008      6.9
  8    32x     0.0250+/-0.0008     0.0267+/-0.0014     0.0280+/-0.0008      6.9
 10    25x     0.0243+/-0.0010     0.0262+/-0.0016     0.0262+/-0.0005      7.0

link @ 1.2 kbps:  raw 1024 B -> 6.83s; N=4 -> 16 B -> 0.107s  (64x smaller payload)

Saved plot -> results_hybrid.png
